1522006998672	geckodriver	INFO	geckodriver 0.20.0
1522006998678	geckodriver	INFO	Listening on 127.0.0.1:53388
1522006999689	mozrunner::runner	INFO	Running command: "/Applications/Firefox.app/Contents/MacOS/firefox-bin" "-marionette" "-profile" "/var/folders/5m/fprlhg7d5fl88dd_w0t5sr840000gn/T/rust_mozprofile.yRaTxESBGgap"
1522007000380	Marionette	INFO	Enabled via --marionette
2018-03-25 15:43:21.449 plugin-container[7835:927154] *** CFMessagePort: bootstrap_register(): failed 1100 (0x44c) 'Permission denied', port = 0x7a03, name = 'com.apple.tsm.portname'
See /usr/include/servers/bootstrap_defs.h for the error codes.
1522007001920	Marionette	INFO	Listening on port 53399
1522007001992	Marionette	WARN	TLS certificate errors will be ignored for this session
2018-03-25 15:43:22.434 plugin-container[7836:927238] *** CFMessagePort: bootstrap_register(): failed 1100 (0x44c) 'Permission denied', port = 0x793f, name = 'com.apple.tsm.portname'
See /usr/include/servers/bootstrap_defs.h for the error codes.
1522007056564	geckodriver	INFO	geckodriver 0.20.0
1522007056571	geckodriver	INFO	Listening on 127.0.0.1:53462
1522007057583	mozrunner::runner	INFO	Running command: "/Applications/Firefox.app/Contents/MacOS/firefox-bin" "-marionette" "-profile" "/var/folders/5m/fprlhg7d5fl88dd_w0t5sr840000gn/T/rust_mozprofile.paWBbGYp4eSD"
1522007058224	Marionette	INFO	Enabled via --marionette
2018-03-25 15:44:19.231 plugin-container[7852:929259] *** CFMessagePort: bootstrap_register(): failed 1100 (0x44c) 'Permission denied', port = 0x8143, name = 'com.apple.tsm.portname'
See /usr/include/servers/bootstrap_defs.h for the error codes.
1522007059622	Marionette	INFO	Listening on port 53469
1522007059674	Marionette	WARN	TLS certificate errors will be ignored for this session
2018-03-25 15:44:20.109 plugin-container[7853:929332] *** CFMessagePort: bootstrap_register(): failed 1100 (0x44c) 'Permission denied', port = 0x7a3f, name = 'com.apple.tsm.portname'
See /usr/include/servers/bootstrap_defs.h for the error codes.
JavaScript warning: https://app.quotemedia.com/js/qmjquery/1.3.2/jquery.js, line 19: unreachable code after return statement
JavaScript warning: https://web.tmxmoney.com/assets/new/en/scripts/jquery.js?v=1.0.44, line 19: unreachable code after return statement
JavaScript error: https://web.tmxmoney.com/dividends.php?qm_symbol=AW.UN, line 1: SyntaxError: unexpected token: identifier
